0 info it worked if it ends with ok
1 verbose cli [ '/usr/local/bin/node', '/usr/local/bin/npm', 'install' ]
2 info using npm@1.2.15
3 info using node@v0.11.1-pre
4 verbose read json /Users/familia/Node/agenda/package.json
5 warn package.json application-name@0.0.1 No README.md file found!
6 verbose readDependencies using package.json deps
7 verbose install where, deps [ '/Users/familia/Node/agenda',
7 verbose install   [ 'mongodb', 'express', 'ejs', 'stylus', 'fs' ] ]
8 verbose from cache /Users/familia/Node/agenda/package.json
9 info preinstall application-name@0.0.1
10 verbose read json /Users/familia/Node/agenda/node_modules/ejs/package.json
11 verbose read json /Users/familia/Node/agenda/node_modules/express/package.json
12 verbose read json /Users/familia/Node/agenda/node_modules/mongodb/package.json
13 verbose read json /Users/familia/Node/agenda/node_modules/stylus/package.json
14 verbose from cache /Users/familia/Node/agenda/package.json
15 verbose readDependencies using package.json deps
16 verbose from cache /Users/familia/Node/agenda/node_modules/ejs/package.json
17 verbose from cache /Users/familia/Node/agenda/node_modules/express/package.json
18 verbose from cache /Users/familia/Node/agenda/node_modules/mongodb/package.json
19 verbose from cache /Users/familia/Node/agenda/node_modules/stylus/package.json
20 verbose already installed skipping mongodb@* /Users/familia/Node/agenda
21 verbose already installed skipping express@3.2.2 /Users/familia/Node/agenda
22 verbose already installed skipping ejs@* /Users/familia/Node/agenda
23 verbose already installed skipping stylus@* /Users/familia/Node/agenda
24 verbose cache add [ 'fs@*', null ]
25 verbose cache add name=undefined spec="fs@*" args=["fs@*",null]
26 verbose parsed url { protocol: null,
26 verbose parsed url   slashes: null,
26 verbose parsed url   auth: null,
26 verbose parsed url   host: null,
26 verbose parsed url   port: null,
26 verbose parsed url   hostname: null,
26 verbose parsed url   hash: null,
26 verbose parsed url   search: null,
26 verbose parsed url   query: null,
26 verbose parsed url   pathname: 'fs@*',
26 verbose parsed url   path: 'fs@*',
26 verbose parsed url   href: 'fs@*' }
27 verbose cache add name="fs" spec="*" args=["fs","*"]
28 verbose parsed url { protocol: null,
28 verbose parsed url   slashes: null,
28 verbose parsed url   auth: null,
28 verbose parsed url   host: null,
28 verbose parsed url   port: null,
28 verbose parsed url   hostname: null,
28 verbose parsed url   hash: null,
28 verbose parsed url   search: null,
28 verbose parsed url   query: null,
28 verbose parsed url   pathname: '*',
28 verbose parsed url   path: '*',
28 verbose parsed url   href: '*' }
29 verbose addNamed [ 'fs', '*' ]
30 verbose addNamed [ null, '' ]
31 silly lockFile d8bf140d-fs fs@*
32 verbose lock fs@* /Users/familia/.npm/d8bf140d-fs.lock
33 silly addNameRange { name: 'fs', range: '', hasData: false }
34 verbose url raw fs
35 verbose url resolving [ 'https://registry.npmjs.org/', './fs' ]
36 verbose url resolved https://registry.npmjs.org/fs
37 info trying registry request attempt 1 at 16:00:04
38 http GET https://registry.npmjs.org/fs
39 http 404 https://registry.npmjs.org/fs
40 silly registry.get cb [ 404,
40 silly registry.get   { server: 'CouchDB/1.3.0 (Erlang OTP/R15B03)',
40 silly registry.get     date: 'Mon, 06 May 2013 22:00:07 GMT',
40 silly registry.get     'content-type': 'application/json',
40 silly registry.get     'content-length': '52',
40 silly registry.get     'cache-control': 'must-revalidate' } ]
41 silly lockFile d8bf140d-fs fs@*
42 silly lockFile d8bf140d-fs fs@*
43 error 404 'fs' is not in the npm registry.
43 error 404 You should bug the author to publish it
43 error 404
43 error 404 Note that you can also install from a
43 error 404 tarball, folder, or http url, or git url.
44 error System Darwin 12.3.0
45 error command "/usr/local/bin/node" "/usr/local/bin/npm" "install"
46 error cwd /Users/familia/Node/agenda
47 error node -v v0.11.1-pre
48 error npm -v 1.2.15
49 error code E404
50 verbose exit [ 1, true ]
